<?xml version="1.0" encoding="UTF-8"?>
<!-- Generated by org.testng.reporters.JUnitXMLReporter -->
<testsuite hostname="MWMGT189" ignored="0" name=" Document Management System Test Cases" tests="4" failures="1" timestamp="15 Nov 2018 11:22:30 GMT" time="202.468" errors="0">
  <testcase name="verifyUserManagementLabel" time="0.163" classname="com.dms.qa.testcases.UserManagementPageTest"/>
  <testcase name="verifyGroupsManagementLabel" time="0.033" classname="com.dms.qa.testcases.GroupsManagementPageTest"/>
  <testcase name="validateCreateNewUserManagement" time="77.067" classname="com.dms.qa.testcases.UserManagementPageTest"/>
  <testcase name="validateCreateNewGroupsManagement" time="100.543" classname="com.dms.qa.testcases.GroupsManagementPageTest">
    <failure type="org.openqa.selenium.NoSuchElementException" message="Cannot locate element with text: member
For documentation on this error, please visit: http://seleniumhq.org/exceptions/no_such_element.html
Build info: version: &amp;apos;3.13.0&amp;apos;, revision: &amp;apos;2f0d292&amp;apos;, time: &amp;apos;2018-06-25T15:24:21.231Z&amp;apos;
System info: host: &amp;apos;MWMGT189&amp;apos;, ip: &amp;apos;127.0.1.1&amp;apos;, os.name: &amp;apos;Linux&amp;apos;, os.arch: &amp;apos;amd64&amp;apos;, os.version: &amp;apos;4.4.0-98-generic&amp;apos;, java.version: &amp;apos;1.8.0_191&amp;apos;
Driver info: driver.version: unknown">
      <![CDATA[org.openqa.selenium.NoSuchElementException: Cannot locate element with text: member
For documentation on this error, please visit: http://seleniumhq.org/exceptions/no_such_element.html
Build info: version: '3.13.0', revision: '2f0d292', time: '2018-06-25T15:24:21.231Z'
System info: host: 'MWMGT189', ip: '127.0.1.1', os.name: 'Linux', os.arch: 'amd64', os.version: '4.4.0-98-generic', java.version: '1.8.0_191'
Driver info: driver.version: unknown
	at org.openqa.selenium.support.ui.Select.selectByVisibleText(Select.java:151)
	at com.dms.qa.pages.GroupsManagementPage.createNewGroupsManagement(GroupsManagementPage.java:59)
	at com.dms.qa.testcases.GroupsManagementPageTest.validateCreateNewGroupsManagement(GroupsManagementPageTest.java:68)
... Removed 25 stack frames]]>
    </failure>
  </testcase> <!-- validateCreateNewGroupsManagement -->
</testsuite> <!--  Document Management System Test Cases -->
