<?xml version="1.0" encoding="UTF-8"?>
<!-- Generated by org.testng.reporters.JUnitXMLReporter -->
<testsuite hostname="MWMGT189" ignored="1" name="Default test(failed)" tests="1" failures="1" timestamp="29 Oct 2018 06:39:08 GMT" time="14.956" errors="0">
  <testcase name="validateCreateNewUserManagement" time="10.62" classname="com.dms.qa.testcases.UserManagementPageTest">
    <failure type="org.openqa.selenium.NoSuchElementException" message="Cannot locate element with text: role
For documentation on this error, please visit: http://seleniumhq.org/exceptions/no_such_element.html
Build info: version: &amp;apos;3.13.0&amp;apos;, revision: &amp;apos;2f0d292&amp;apos;, time: &amp;apos;2018-06-25T15:24:21.231Z&amp;apos;
System info: host: &amp;apos;MWMGT189&amp;apos;, ip: &amp;apos;127.0.1.1&amp;apos;, os.name: &amp;apos;Linux&amp;apos;, os.arch: &amp;apos;amd64&amp;apos;, os.version: &amp;apos;4.4.0-98-generic&amp;apos;, java.version: &amp;apos;1.8.0_191&amp;apos;
Driver info: driver.version: unknown">
      <![CDATA[org.openqa.selenium.NoSuchElementException: Cannot locate element with text: role
For documentation on this error, please visit: http://seleniumhq.org/exceptions/no_such_element.html
Build info: version: '3.13.0', revision: '2f0d292', time: '2018-06-25T15:24:21.231Z'
System info: host: 'MWMGT189', ip: '127.0.1.1', os.name: 'Linux', os.arch: 'amd64', os.version: '4.4.0-98-generic', java.version: '1.8.0_191'
Driver info: driver.version: unknown
	at org.openqa.selenium.support.ui.Select.selectByVisibleText(Select.java:151)
	at com.dms.qa.pages.UserManagementPage.createNewUserManagement(UserManagementPage.java:59)
	at com.dms.qa.testcases.UserManagementPageTest.validateCreateNewUserManagement(UserManagementPageTest.java:54)
... Removed 25 stack frames]]>
    </failure>
  </testcase> <!-- validateCreateNewUserManagement -->
  <testcase name="verifyUserManagementLabel" time="0.0" classname="com.dms.qa.testcases.UserManagementPageTest">
    <ignored/>
  </testcase> <!-- verifyUserManagementLabel -->
</testsuite> <!-- Default test(failed) -->
